<?xml version="1.0" encoding="UTF-8"?>
<!-- Generated by org.testng.reporters.JUnitReportReporter -->
<testsuite hostname="deepakjag-ubuntu20" failures="0" tests="1" name="testclass.bastest" time="34.893" errors="0" timestamp="2023-11-03T20:09:17 IST" skipped="0">
  <testcase classname="testclass.bastest" name="demoFramework" time="34.893"/>
  <system-out/>
</testsuite> <!-- testclass.bastest -->
